生成启动时间为 2017/8/4 2:10:06。
     1>项目“C:\Users\Elon\Documents\Visual Studio 2010\Projects\PageDewarp\PageDewarp\PageDewarp.vcxproj”在节点 2 上(build 个目标)。
     1>InitializeBuildStatus:
         正在创建“Debug\PageDewarp.unsuccessfulbuild”，因为已指定“AlwaysCreate”。
       ClCompile:
         所有输出均为最新。
         C:\Program Files (x86)\Microsoft Visual Studio 10.0\VC\bin\CL.exe /c /ZI /nologo /W3 /WX- /Od /Oy- /D WIN32 /D _DEBUG /D _CONSOLE /D _UNICODE /D UNICODE /Gm /EHsc /RTC1 /MDd /GS /fp:precise /Zc:wchar_t /Zc:forScope /Yu"StdAfx.h" /Fp"Debug\PageDewarp.pch" /Fo"Debug\\" /Fd"Debug\vc100.pdb" /Gd /TP /analyze- /errorReport:prompt PageDewarp.cpp
         PageDewarp.cpp
       ManifestResourceCompile:
         所有输出均为最新。
       Link:
         C:\Program Files (x86)\Microsoft Visual Studio 10.0\VC\bin\link.exe /ERRORREPORT:PROMPT /OUT:"C:\Users\Elon\Documents\Visual Studio 2010\Projects\PageDewarp\Debug\PageDewarp.exe" /INCREMENTAL /NOLOGO opencv_calib3d2411.lib opencv_contrib2411.lib opencv_core2411.lib opencv_features2d2411.lib opencv_flann2411.lib opencv_gpu2411.lib opencv_highgui2411.lib opencv_imgproc2411.lib opencv_legacy2411.lib opencv_ml2411d.lib opencv_objdetect2411.lib opencv_ts2411.lib opencv_video2411.lib opencv_nonfree2411.lib opencv_ocl2411.lib opencv_photo2411.lib opencv_stitching2411.lib opencv_superres2411.lib opencv_videostab2411.lib opencv_calib3d2411d.lib opencv_contrib2411d.lib opencv_core2411d.lib opencv_features2d2411d.lib opencv_flann2411d.lib opencv_gpu2411d.lib opencv_highgui2411d.lib opencv_imgproc2411d.lib opencv_legacy2411d.lib opencv_objdetect2411d.lib opencv_ts2411d.lib opencv_video2411d.lib opencv_nonfree2411d.lib opencv_ocl2411d.lib opencv_photo2411d.lib opencv_stitching2411d.lib opencv_superres2411d.lib opencv_videostab2411d.lib kernel32.lib user32.lib gdi32.lib winspool.lib comdlg32.lib advapi32.lib shell32.lib ole32.lib oleaut32.lib uuid.lib odbc32.lib odbccp32.lib /MANIFEST /ManifestFile:"Debug\PageDewarp.exe.intermediate.manifest" /MANIFESTUAC:"level='asInvoker' uiAccess='false'" /DEBUG /PDB:"C:\Users\Elon\Documents\Visual Studio 2010\Projects\PageDewarp\Debug\PageDewarp.pdb" /SUBSYSTEM:CONSOLE /TLBID:1 /DYNAMICBASE /NXCOMPAT /IMPLIB:"C:\Users\Elon\Documents\Visual Studio 2010\Projects\PageDewarp\Debug\PageDewarp.lib" /MACHINE:X86 Debug\PageDewarp.exe.embed.manifest.res
         Debug\Dewarpper.obj
         Debug\PageDewarp.obj
         Debug\PageImage.obj
         Debug\stdafx.obj
         Debug\Tester.obj
       Manifest:
         C:\Program Files (x86)\Microsoft SDKs\Windows\v7.0A\bin\mt.exe /nologo /verbose /out:"Debug\PageDewarp.exe.embed.manifest" /manifest Debug\PageDewarp.exe.intermediate.manifest
         所有输出均为最新。
       LinkEmbedManifest:
         所有输出均为最新。
         PageDewarp.vcxproj -> C:\Users\Elon\Documents\Visual Studio 2010\Projects\PageDewarp\Debug\PageDewarp.exe
       FinalizeBuildStatus:
         正在删除文件“Debug\PageDewarp.unsuccessfulbuild”。
         正在对“Debug\PageDewarp.lastbuildstate”执行 Touch 任务。
     1>已完成生成项目“C:\Users\Elon\Documents\Visual Studio 2010\Projects\PageDewarp\PageDewarp\PageDewarp.vcxproj”(build 个目标)的操作。

生成成功。

已用时间 00:00:01.35
