C:\Users\Elon\documents\visual studio 2010\Projects\PageDewarp\PageDewarp\Release\cl.command.1.tlog
C:\Users\Elon\documents\visual studio 2010\Projects\PageDewarp\PageDewarp\Release\CL.read.1.tlog
C:\Users\Elon\documents\visual studio 2010\Projects\PageDewarp\PageDewarp\Release\CL.write.1.tlog
C:\USERS\ELON\DOCUMENTS\VISUAL STUDIO 2010\PROJECTS\PAGEDEWARP\PAGEDEWARP\RELEASE\DEWARPPER.OBJ
C:\USERS\ELON\DOCUMENTS\VISUAL STUDIO 2010\PROJECTS\PAGEDEWARP\PAGEDEWARP\RELEASE\FITTING.OBJ
C:\Users\Elon\documents\visual studio 2010\Projects\PageDewarp\PageDewarp\Release\link.command.1.tlog
C:\Users\Elon\documents\visual studio 2010\Projects\PageDewarp\PageDewarp\Release\link.read.1.tlog
C:\Users\Elon\documents\visual studio 2010\Projects\PageDewarp\PageDewarp\Release\link.write.1.tlog
C:\Users\Elon\documents\visual studio 2010\Projects\PageDewarp\PageDewarp\Release\mt.command.1.tlog
C:\Users\Elon\documents\visual studio 2010\Projects\PageDewarp\PageDewarp\Release\mt.read.1.tlog
C:\Users\Elon\documents\visual studio 2010\Projects\PageDewarp\PageDewarp\Release\mt.write.1.tlog
C:\USERS\ELON\DOCUMENTS\VISUAL STUDIO 2010\PROJECTS\PAGEDEWARP\PAGEDEWARP\RELEASE\PAGEDEWARP.EXE.INTERMEDIATE.MANIFEST
C:\USERS\ELON\DOCUMENTS\VISUAL STUDIO 2010\PROJECTS\PAGEDEWARP\PAGEDEWARP\RELEASE\PAGEDEWARP.OBJ
C:\USERS\ELON\DOCUMENTS\VISUAL STUDIO 2010\PROJECTS\PAGEDEWARP\PAGEDEWARP\RELEASE\PAGEDEWARP.PCH
C:\Users\Elon\documents\visual studio 2010\Projects\PageDewarp\PageDewarp\Release\PageDewarp.vcxprojResolveAssemblyReference.cache
C:\Users\Elon\documents\visual studio 2010\Projects\PageDewarp\PageDewarp\Release\PageDewarp.write.1.tlog
C:\USERS\ELON\DOCUMENTS\VISUAL STUDIO 2010\PROJECTS\PAGEDEWARP\PAGEDEWARP\RELEASE\PAGEIMAGE.OBJ
C:\USERS\ELON\DOCUMENTS\VISUAL STUDIO 2010\PROJECTS\PAGEDEWARP\PAGEDEWARP\RELEASE\STDAFX.OBJ
C:\USERS\ELON\DOCUMENTS\VISUAL STUDIO 2010\PROJECTS\PAGEDEWARP\PAGEDEWARP\RELEASE\TESTER.OBJ
C:\USERS\ELON\DOCUMENTS\VISUAL STUDIO 2010\PROJECTS\PAGEDEWARP\PAGEDEWARP\RELEASE\VC100.PDB
C:\USERS\ELON\DOCUMENTS\VISUAL STUDIO 2010\PROJECTS\PAGEDEWARP\RELEASE\PAGEDEWARP.EXE
C:\USERS\ELON\DOCUMENTS\VISUAL STUDIO 2010\PROJECTS\PAGEDEWARP\RELEASE\PAGEDEWARP.PDB
