生成启动时间为 2017/8/8 20:27:32。
     1>项目“C:\Users\Elon\documents\visual studio 2010\Projects\PageDewarp\PageDewarp\PageDewarp.vcxproj”在节点 2 上(build 个目标)。
     1>InitializeBuildStatus:
         正在创建“Release\PageDewarp.unsuccessfulbuild”，因为已指定“AlwaysCreate”。
       ClCompile:
         所有输出均为最新。
         C:\Program Files (x86)\Microsoft Visual Studio 10.0\VC\bin\CL.exe /c /Zi /nologo /W3 /WX- /O2 /Oi /Oy- /GL /D WIN32 /D NDEBUG /D _CONSOLE /D _UNICODE /D UNICODE /Gm- /EHsc /MD /GS /Gy /fp:precise /Zc:wchar_t /Zc:forScope /Yu"StdAfx.h" /Fp"Release\PageDewarp.pch" /Fo"Release\\" /Fd"Release\vc100.pdb" /Gd /TP /analyze- /errorReport:prompt PageImage.cpp
         PageImage.cpp
       Link:
         C:\Program Files (x86)\Microsoft Visual Studio 10.0\VC\bin\link.exe /ERRORREPORT:PROMPT /OUT:"C:\Users\Elon\documents\visual studio 2010\Projects\PageDewarp\Release\PageDewarp.exe" /INCREMENTAL:NO /NOLOGO opencv_calib3d2411.lib opencv_contrib2411.lib opencv_core2411.lib opencv_features2d2411.lib opencv_flann2411.lib opencv_gpu2411.lib opencv_highgui2411.lib opencv_imgproc2411.lib opencv_legacy2411.lib opencv_ml2411d.lib opencv_objdetect2411.lib opencv_ts2411.lib opencv_video2411.lib opencv_nonfree2411.lib opencv_ocl2411.lib opencv_photo2411.lib opencv_stitching2411.lib opencv_superres2411.lib opencv_videostab2411.lib opencv_calib3d2411d.lib opencv_contrib2411d.lib opencv_core2411d.lib opencv_features2d2411d.lib opencv_flann2411d.lib opencv_gpu2411d.lib opencv_highgui2411d.lib opencv_imgproc2411d.lib opencv_legacy2411d.lib opencv_objdetect2411d.lib opencv_ts2411d.lib opencv_video2411d.lib opencv_nonfree2411d.lib opencv_ocl2411d.lib opencv_photo2411d.lib opencv_stitching2411d.lib opencv_superres2411d.lib opencv_videostab2411d.lib kernel32.lib user32.lib gdi32.lib winspool.lib comdlg32.lib advapi32.lib shell32.lib ole32.lib oleaut32.lib uuid.lib odbc32.lib odbccp32.lib /MANIFEST /ManifestFile:"Release\PageDewarp.exe.intermediate.manifest" /MANIFESTUAC:"level='asInvoker' uiAccess='false'" /DEBUG /PDB:"C:\Users\Elon\documents\visual studio 2010\Projects\PageDewarp\Release\PageDewarp.pdb" /SUBSYSTEM:CONSOLE /OPT:REF /OPT:ICF /LTCG /TLBID:1 /DYNAMICBASE /NXCOMPAT /IMPLIB:"C:\Users\Elon\documents\visual studio 2010\Projects\PageDewarp\Release\PageDewarp.lib" /MACHINE:X86 Release\Dewarpper.obj
         Release\Fitting.obj
         Release\PageDewarp.obj
         Release\PageImage.obj
         Release\stdafx.obj
         Release\Tester.obj
         正在生成代码
         已完成代码的生成
         PageDewarp.vcxproj -> C:\Users\Elon\documents\visual studio 2010\Projects\PageDewarp\Release\PageDewarp.exe
       Manifest:
         C:\Program Files (x86)\Microsoft SDKs\Windows\v7.0A\bin\mt.exe /nologo /verbose /outputresource:"C:\Users\Elon\documents\visual studio 2010\Projects\PageDewarp\Release\PageDewarp.exe;#1" /manifest Release\PageDewarp.exe.intermediate.manifest
       FinalizeBuildStatus:
         正在删除文件“Release\PageDewarp.unsuccessfulbuild”。
         正在对“Release\PageDewarp.lastbuildstate”执行 Touch 任务。
     1>已完成生成项目“C:\Users\Elon\documents\visual studio 2010\Projects\PageDewarp\PageDewarp\PageDewarp.vcxproj”(build 个目标)的操作。

生成成功。

已用时间 00:00:01.73
